[2023-05-19 08:57:25] production.ERROR: Invalid route action: [SellCoinController]. {"exception":"[object] (UnexpectedValueException(code: 0): Invalid route action: [SellCoinController]. at /var/www/html/vendor/laravel/framework/src/Illuminate/Routing/RouteAction.php:92)
[stacktrace]
#0 /var/www/html/vendor/laravel/framework/src/Illuminate/Routing/RouteAction.php(47): Illuminate\\Routing\\RouteAction::makeInvokable('SellCoinControl...')
#1 /var/www/html/vendor/laravel/framework/src/Illuminate/Routing/Route.php(191): Illuminate\\Routing\\RouteAction::parse('api/sell/buy', Array)
#2 /var/www/html/vendor/laravel/framework/src/Illuminate/Routing/Route.php(172): Illuminate\\Routing\\Route->parseAction(Array)
#3 /var/www/html/vendor/laravel/framework/src/Illuminate/Routing/Router.php(661): Illuminate\\Routing\\Route->__construct('POST', 'api/sell/buy', Array)
#4 /var/www/html/vendor/laravel/framework/src/Illuminate/Routing/Router.php(554): Illuminate\\Routing\\Router->newRoute('POST', 'api/sell/buy', Array)
#5 /var/www/html/vendor/laravel/framework/src/Illuminate/Routing/Router.php(533): Illuminate\\Routing\\Router->createRoute('POST', '/sell/buy', Array)
#6 /var/www/html/vendor/laravel/framework/src/Illuminate/Routing/Router.php(162): Illuminate\\Routing\\Router->addRoute('POST', '/sell/buy', 'SellCoinControl...')
#7 /var/www/html/vendor/laravel/framework/src/Illuminate/Support/Facades/Facade.php(353): Illuminate\\Routing\\Router->post('/sell/buy', 'SellCoinControl...')
#8 /var/www/html/routes/api.php(31): Illuminate\\Support\\Facades\\Facade::__callStatic('post', Array)
#9 /var/www/html/vendor/laravel/framework/src/Illuminate/Routing/RouteFileRegistrar.php(35): require('/var/www/html/r...')
#10 /var/www/html/vendor/laravel/framework/src/Illuminate/Routing/Router.php(503): Illuminate\\Routing\\RouteFileRegistrar->register('/var/www/html/r...')
#11 /var/www/html/vendor/laravel/framework/src/Illuminate/Routing/Router.php(457): Illuminate\\Routing\\Router->loadRoutes('/var/www/html/r...')
#12 /var/www/html/vendor/laravel/framework/src/Illuminate/Routing/RouteRegistrar.php(192): Illuminate\\Routing\\Router->group(Array, '/var/www/html/r...')
#13 /var/www/html/app/Infrastructure/Providers/RouteServiceProvider.php(44): Illuminate\\Routing\\RouteRegistrar->group('/var/www/html/r...')
#14 /var/www/html/vendor/laravel/framework/src/Illuminate/Container/BoundMethod.php(36): App\\Infrastructure\\Providers\\RouteServiceProvider->App\\Infrastructure\\Providers\\{closure}()
#15 /var/www/html/vendor/laravel/framework/src/Illuminate/Container/Util.php(41): Illuminate\\Container\\BoundMethod::Illuminate\\Container\\{closure}()
#16 /var/www/html/vendor/laravel/framework/src/Illuminate/Container/BoundMethod.php(81): Illuminate\\Container\\Util::unwrapIfClosure(Object(Closure))
#17 /var/www/html/vendor/laravel/framework/src/Illuminate/Container/BoundMethod.php(37): Illuminate\\Container\\BoundMethod::callBoundMethod(Object(Illuminate\\Foundation\\Application), Object(Closure), Object(Closure))
#18 /var/www/html/vendor/laravel/framework/src/Illuminate/Container/Container.php(662): Illuminate\\Container\\BoundMethod::call(Object(Illuminate\\Foundation\\Application), Object(Closure), Array, NULL)
#19 /var/www/html/vendor/laravel/framework/src/Illuminate/Foundation/Support/Providers/RouteServiceProvider.php(120): Illuminate\\Container\\Container->call(Object(Closure))
#20 /var/www/html/vendor/laravel/framework/src/Illuminate/Foundation/Support/Providers/RouteServiceProvider.php(45): Illuminate\\Foundation\\Support\\Providers\\RouteServiceProvider->loadRoutes()
#21 /var/www/html/vendor/laravel/framework/src/Illuminate/Container/BoundMethod.php(36): Illuminate\\Foundation\\Support\\Providers\\RouteServiceProvider->Illuminate\\Foundation\\Support\\Providers\\{closure}()
#22 /var/www/html/vendor/laravel/framework/src/Illuminate/Container/Util.php(41): Illuminate\\Container\\BoundMethod::Illuminate\\Container\\{closure}()
#23 /var/www/html/vendor/laravel/framework/src/Illuminate/Container/BoundMethod.php(81): Illuminate\\Container\\Util::unwrapIfClosure(Object(Closure))
#24 /var/www/html/vendor/laravel/framework/src/Illuminate/Container/BoundMethod.php(37): Illuminate\\Container\\BoundMethod::callBoundMethod(Object(Illuminate\\Foundation\\Application), Object(Closure), Object(Closure))
#25 /var/www/html/vendor/laravel/framework/src/Illuminate/Container/Container.php(662): Illuminate\\Container\\BoundMethod::call(Object(Illuminate\\Foundation\\Application), Object(Closure), Array, NULL)
#26 /var/www/html/vendor/laravel/framework/src/Illuminate/Support/ServiceProvider.php(119): Illuminate\\Container\\Container->call(Object(Closure))
#27 /var/www/html/vendor/laravel/framework/src/Illuminate/Foundation/Application.php(1009): Illuminate\\Support\\ServiceProvider->callBootedCallbacks()
#28 /var/www/html/vendor/laravel/framework/src/Illuminate/Foundation/Application.php(987): Illuminate\\Foundation\\Application->bootProvider(Object(App\\Infrastructure\\Providers\\RouteServiceProvider))
#29 [internal function]: Illuminate\\Foundation\\Application->Illuminate\\Foundation\\{closure}(Object(App\\Infrastructure\\Providers\\RouteServiceProvider), 21)
#30 /var/www/html/vendor/laravel/framework/src/Illuminate/Foundation/Application.php(988): array_walk(Array, Object(Closure))
#31 /var/www/html/vendor/laravel/framework/src/Illuminate/Foundation/Bootstrap/BootProviders.php(17): Illuminate\\Foundation\\Application->boot()
#32 /var/www/html/vendor/laravel/framework/src/Illuminate/Foundation/Application.php(261): Illuminate\\Foundation\\Bootstrap\\BootProviders->bootstrap(Object(Illuminate\\Foundation\\Application))
#33 /var/www/html/vendor/laravel/framework/src/Illuminate/Foundation/Http/Kernel.php(186): Illuminate\\Foundation\\Application->bootstrapWith(Array)
#34 /var/www/html/vendor/laravel/framework/src/Illuminate/Foundation/Http/Kernel.php(170): Illuminate\\Foundation\\Http\\Kernel->bootstrap()
#35 /var/www/html/vendor/laravel/framework/src/Illuminate/Foundation/Http/Kernel.php(144): Illuminate\\Foundation\\Http\\Kernel->sendRequestThroughRouter(Object(Illuminate\\Http\\Request))
#36 /var/www/html/public/index.php(52): Illuminate\\Foundation\\Http\\Kernel->handle(Object(Illuminate\\Http\\Request))
#37 {main}
"} 
[2023-05-19 08:58:51] production.ERROR: Invalid route action: [SellCoinController]. {"exception":"[object] (UnexpectedValueException(code: 0): Invalid route action: [SellCoinController]. at /var/www/html/vendor/laravel/framework/src/Illuminate/Routing/RouteAction.php:92)
[stacktrace]
#0 /var/www/html/vendor/laravel/framework/src/Illuminate/Routing/RouteAction.php(47): Illuminate\\Routing\\RouteAction::makeInvokable('SellCoinControl...')
#1 /var/www/html/vendor/laravel/framework/src/Illuminate/Routing/Route.php(191): Illuminate\\Routing\\RouteAction::parse('api/sell/buy', Array)
#2 /var/www/html/vendor/laravel/framework/src/Illuminate/Routing/Route.php(172): Illuminate\\Routing\\Route->parseAction(Array)
#3 /var/www/html/vendor/laravel/framework/src/Illuminate/Routing/Router.php(661): Illuminate\\Routing\\Route->__construct('POST', 'api/sell/buy', Array)
#4 /var/www/html/vendor/laravel/framework/src/Illuminate/Routing/Router.php(554): Illuminate\\Routing\\Router->newRoute('POST', 'api/sell/buy', Array)
#5 /var/www/html/vendor/laravel/framework/src/Illuminate/Routing/Router.php(533): Illuminate\\Routing\\Router->createRoute('POST', '/sell/buy', Array)
#6 /var/www/html/vendor/laravel/framework/src/Illuminate/Routing/Router.php(162): Illuminate\\Routing\\Router->addRoute('POST', '/sell/buy', 'SellCoinControl...')
#7 /var/www/html/vendor/laravel/framework/src/Illuminate/Support/Facades/Facade.php(353): Illuminate\\Routing\\Router->post('/sell/buy', 'SellCoinControl...')
#8 /var/www/html/routes/api.php(31): Illuminate\\Support\\Facades\\Facade::__callStatic('post', Array)
#9 /var/www/html/vendor/laravel/framework/src/Illuminate/Routing/RouteFileRegistrar.php(35): require('/var/www/html/r...')
#10 /var/www/html/vendor/laravel/framework/src/Illuminate/Routing/Router.php(503): Illuminate\\Routing\\RouteFileRegistrar->register('/var/www/html/r...')
#11 /var/www/html/vendor/laravel/framework/src/Illuminate/Routing/Router.php(457): Illuminate\\Routing\\Router->loadRoutes('/var/www/html/r...')
#12 /var/www/html/vendor/laravel/framework/src/Illuminate/Routing/RouteRegistrar.php(192): Illuminate\\Routing\\Router->group(Array, '/var/www/html/r...')
#13 /var/www/html/app/Infrastructure/Providers/RouteServiceProvider.php(44): Illuminate\\Routing\\RouteRegistrar->group('/var/www/html/r...')
#14 /var/www/html/vendor/laravel/framework/src/Illuminate/Container/BoundMethod.php(36): App\\Infrastructure\\Providers\\RouteServiceProvider->App\\Infrastructure\\Providers\\{closure}()
#15 /var/www/html/vendor/laravel/framework/src/Illuminate/Container/Util.php(41): Illuminate\\Container\\BoundMethod::Illuminate\\Container\\{closure}()
#16 /var/www/html/vendor/laravel/framework/src/Illuminate/Container/BoundMethod.php(81): Illuminate\\Container\\Util::unwrapIfClosure(Object(Closure))
#17 /var/www/html/vendor/laravel/framework/src/Illuminate/Container/BoundMethod.php(37): Illuminate\\Container\\BoundMethod::callBoundMethod(Object(Illuminate\\Foundation\\Application), Object(Closure), Object(Closure))
#18 /var/www/html/vendor/laravel/framework/src/Illuminate/Container/Container.php(662): Illuminate\\Container\\BoundMethod::call(Object(Illuminate\\Foundation\\Application), Object(Closure), Array, NULL)
#19 /var/www/html/vendor/laravel/framework/src/Illuminate/Foundation/Support/Providers/RouteServiceProvider.php(120): Illuminate\\Container\\Container->call(Object(Closure))
#20 /var/www/html/vendor/laravel/framework/src/Illuminate/Foundation/Support/Providers/RouteServiceProvider.php(45): Illuminate\\Foundation\\Support\\Providers\\RouteServiceProvider->loadRoutes()
#21 /var/www/html/vendor/laravel/framework/src/Illuminate/Container/BoundMethod.php(36): Illuminate\\Foundation\\Support\\Providers\\RouteServiceProvider->Illuminate\\Foundation\\Support\\Providers\\{closure}()
#22 /var/www/html/vendor/laravel/framework/src/Illuminate/Container/Util.php(41): Illuminate\\Container\\BoundMethod::Illuminate\\Container\\{closure}()
#23 /var/www/html/vendor/laravel/framework/src/Illuminate/Container/BoundMethod.php(81): Illuminate\\Container\\Util::unwrapIfClosure(Object(Closure))
#24 /var/www/html/vendor/laravel/framework/src/Illuminate/Container/BoundMethod.php(37): Illuminate\\Container\\BoundMethod::callBoundMethod(Object(Illuminate\\Foundation\\Application), Object(Closure), Object(Closure))
#25 /var/www/html/vendor/laravel/framework/src/Illuminate/Container/Container.php(662): Illuminate\\Container\\BoundMethod::call(Object(Illuminate\\Foundation\\Application), Object(Closure), Array, NULL)
#26 /var/www/html/vendor/laravel/framework/src/Illuminate/Support/ServiceProvider.php(119): Illuminate\\Container\\Container->call(Object(Closure))
#27 /var/www/html/vendor/laravel/framework/src/Illuminate/Foundation/Application.php(1009): Illuminate\\Support\\ServiceProvider->callBootedCallbacks()
#28 /var/www/html/vendor/laravel/framework/src/Illuminate/Foundation/Application.php(987): Illuminate\\Foundation\\Application->bootProvider(Object(App\\Infrastructure\\Providers\\RouteServiceProvider))
#29 [internal function]: Illuminate\\Foundation\\Application->Illuminate\\Foundation\\{closure}(Object(App\\Infrastructure\\Providers\\RouteServiceProvider), 21)
#30 /var/www/html/vendor/laravel/framework/src/Illuminate/Foundation/Application.php(988): array_walk(Array, Object(Closure))
#31 /var/www/html/vendor/laravel/framework/src/Illuminate/Foundation/Bootstrap/BootProviders.php(17): Illuminate\\Foundation\\Application->boot()
#32 /var/www/html/vendor/laravel/framework/src/Illuminate/Foundation/Application.php(261): Illuminate\\Foundation\\Bootstrap\\BootProviders->bootstrap(Object(Illuminate\\Foundation\\Application))
#33 /var/www/html/vendor/laravel/framework/src/Illuminate/Foundation/Http/Kernel.php(186): Illuminate\\Foundation\\Application->bootstrapWith(Array)
#34 /var/www/html/vendor/laravel/framework/src/Illuminate/Foundation/Http/Kernel.php(170): Illuminate\\Foundation\\Http\\Kernel->bootstrap()
#35 /var/www/html/vendor/laravel/framework/src/Illuminate/Foundation/Http/Kernel.php(144): Illuminate\\Foundation\\Http\\Kernel->sendRequestThroughRouter(Object(Illuminate\\Http\\Request))
#36 /var/www/html/public/index.php(52): Illuminate\\Foundation\\Http\\Kernel->handle(Object(Illuminate\\Http\\Request))
#37 {main}
"} 
[2023-05-19 08:59:08] production.ERROR: Invalid route action: [SellCoinController]. {"exception":"[object] (UnexpectedValueException(code: 0): Invalid route action: [SellCoinController]. at /var/www/html/vendor/laravel/framework/src/Illuminate/Routing/RouteAction.php:92)
[stacktrace]
#0 /var/www/html/vendor/laravel/framework/src/Illuminate/Routing/RouteAction.php(47): Illuminate\\Routing\\RouteAction::makeInvokable('SellCoinControl...')
#1 /var/www/html/vendor/laravel/framework/src/Illuminate/Routing/Route.php(191): Illuminate\\Routing\\RouteAction::parse('api/sell/buy', Array)
#2 /var/www/html/vendor/laravel/framework/src/Illuminate/Routing/Route.php(172): Illuminate\\Routing\\Route->parseAction(Array)
#3 /var/www/html/vendor/laravel/framework/src/Illuminate/Routing/Router.php(661): Illuminate\\Routing\\Route->__construct('POST', 'api/sell/buy', Array)
#4 /var/www/html/vendor/laravel/framework/src/Illuminate/Routing/Router.php(554): Illuminate\\Routing\\Router->newRoute('POST', 'api/sell/buy', Array)
#5 /var/www/html/vendor/laravel/framework/src/Illuminate/Routing/Router.php(533): Illuminate\\Routing\\Router->createRoute('POST', '/sell/buy', Array)
#6 /var/www/html/vendor/laravel/framework/src/Illuminate/Routing/Router.php(162): Illuminate\\Routing\\Router->addRoute('POST', '/sell/buy', 'SellCoinControl...')
#7 /var/www/html/vendor/laravel/framework/src/Illuminate/Support/Facades/Facade.php(353): Illuminate\\Routing\\Router->post('/sell/buy', 'SellCoinControl...')
#8 /var/www/html/routes/api.php(31): Illuminate\\Support\\Facades\\Facade::__callStatic('post', Array)
#9 /var/www/html/vendor/laravel/framework/src/Illuminate/Routing/RouteFileRegistrar.php(35): require('/var/www/html/r...')
#10 /var/www/html/vendor/laravel/framework/src/Illuminate/Routing/Router.php(503): Illuminate\\Routing\\RouteFileRegistrar->register('/var/www/html/r...')
#11 /var/www/html/vendor/laravel/framework/src/Illuminate/Routing/Router.php(457): Illuminate\\Routing\\Router->loadRoutes('/var/www/html/r...')
#12 /var/www/html/vendor/laravel/framework/src/Illuminate/Routing/RouteRegistrar.php(192): Illuminate\\Routing\\Router->group(Array, '/var/www/html/r...')
#13 /var/www/html/app/Infrastructure/Providers/RouteServiceProvider.php(44): Illuminate\\Routing\\RouteRegistrar->group('/var/www/html/r...')
#14 /var/www/html/vendor/laravel/framework/src/Illuminate/Container/BoundMethod.php(36): App\\Infrastructure\\Providers\\RouteServiceProvider->App\\Infrastructure\\Providers\\{closure}()
#15 /var/www/html/vendor/laravel/framework/src/Illuminate/Container/Util.php(41): Illuminate\\Container\\BoundMethod::Illuminate\\Container\\{closure}()
#16 /var/www/html/vendor/laravel/framework/src/Illuminate/Container/BoundMethod.php(81): Illuminate\\Container\\Util::unwrapIfClosure(Object(Closure))
#17 /var/www/html/vendor/laravel/framework/src/Illuminate/Container/BoundMethod.php(37): Illuminate\\Container\\BoundMethod::callBoundMethod(Object(Illuminate\\Foundation\\Application), Object(Closure), Object(Closure))
#18 /var/www/html/vendor/laravel/framework/src/Illuminate/Container/Container.php(662): Illuminate\\Container\\BoundMethod::call(Object(Illuminate\\Foundation\\Application), Object(Closure), Array, NULL)
#19 /var/www/html/vendor/laravel/framework/src/Illuminate/Foundation/Support/Providers/RouteServiceProvider.php(120): Illuminate\\Container\\Container->call(Object(Closure))
#20 /var/www/html/vendor/laravel/framework/src/Illuminate/Foundation/Support/Providers/RouteServiceProvider.php(45): Illuminate\\Foundation\\Support\\Providers\\RouteServiceProvider->loadRoutes()
#21 /var/www/html/vendor/laravel/framework/src/Illuminate/Container/BoundMethod.php(36): Illuminate\\Foundation\\Support\\Providers\\RouteServiceProvider->Illuminate\\Foundation\\Support\\Providers\\{closure}()
#22 /var/www/html/vendor/laravel/framework/src/Illuminate/Container/Util.php(41): Illuminate\\Container\\BoundMethod::Illuminate\\Container\\{closure}()
#23 /var/www/html/vendor/laravel/framework/src/Illuminate/Container/BoundMethod.php(81): Illuminate\\Container\\Util::unwrapIfClosure(Object(Closure))
#24 /var/www/html/vendor/laravel/framework/src/Illuminate/Container/BoundMethod.php(37): Illuminate\\Container\\BoundMethod::callBoundMethod(Object(Illuminate\\Foundation\\Application), Object(Closure), Object(Closure))
#25 /var/www/html/vendor/laravel/framework/src/Illuminate/Container/Container.php(662): Illuminate\\Container\\BoundMethod::call(Object(Illuminate\\Foundation\\Application), Object(Closure), Array, NULL)
#26 /var/www/html/vendor/laravel/framework/src/Illuminate/Support/ServiceProvider.php(119): Illuminate\\Container\\Container->call(Object(Closure))
#27 /var/www/html/vendor/laravel/framework/src/Illuminate/Foundation/Application.php(1009): Illuminate\\Support\\ServiceProvider->callBootedCallbacks()
#28 /var/www/html/vendor/laravel/framework/src/Illuminate/Foundation/Application.php(987): Illuminate\\Foundation\\Application->bootProvider(Object(App\\Infrastructure\\Providers\\RouteServiceProvider))
#29 [internal function]: Illuminate\\Foundation\\Application->Illuminate\\Foundation\\{closure}(Object(App\\Infrastructure\\Providers\\RouteServiceProvider), 21)
#30 /var/www/html/vendor/laravel/framework/src/Illuminate/Foundation/Application.php(988): array_walk(Array, Object(Closure))
#31 /var/www/html/vendor/laravel/framework/src/Illuminate/Foundation/Bootstrap/BootProviders.php(17): Illuminate\\Foundation\\Application->boot()
#32 /var/www/html/vendor/laravel/framework/src/Illuminate/Foundation/Application.php(261): Illuminate\\Foundation\\Bootstrap\\BootProviders->bootstrap(Object(Illuminate\\Foundation\\Application))
#33 /var/www/html/vendor/laravel/framework/src/Illuminate/Foundation/Http/Kernel.php(186): Illuminate\\Foundation\\Application->bootstrapWith(Array)
#34 /var/www/html/vendor/laravel/framework/src/Illuminate/Foundation/Http/Kernel.php(170): Illuminate\\Foundation\\Http\\Kernel->bootstrap()
#35 /var/www/html/vendor/laravel/framework/src/Illuminate/Foundation/Http/Kernel.php(144): Illuminate\\Foundation\\Http\\Kernel->sendRequestThroughRouter(Object(Illuminate\\Http\\Request))
#36 /var/www/html/public/index.php(52): Illuminate\\Foundation\\Http\\Kernel->handle(Object(Illuminate\\Http\\Request))
#37 {main}
"} 
[2023-05-19 09:07:54] production.ERROR: Invalid route action: [SellCoinController]. {"exception":"[object] (UnexpectedValueException(code: 0): Invalid route action: [SellCoinController]. at /var/www/html/vendor/laravel/framework/src/Illuminate/Routing/RouteAction.php:92)
[stacktrace]
#0 /var/www/html/vendor/laravel/framework/src/Illuminate/Routing/RouteAction.php(47): Illuminate\\Routing\\RouteAction::makeInvokable('SellCoinControl...')
#1 /var/www/html/vendor/laravel/framework/src/Illuminate/Routing/Route.php(191): Illuminate\\Routing\\RouteAction::parse('api/sell/buy', Array)
#2 /var/www/html/vendor/laravel/framework/src/Illuminate/Routing/Route.php(172): Illuminate\\Routing\\Route->parseAction(Array)
#3 /var/www/html/vendor/laravel/framework/src/Illuminate/Routing/Router.php(661): Illuminate\\Routing\\Route->__construct('POST', 'api/sell/buy', Array)
#4 /var/www/html/vendor/laravel/framework/src/Illuminate/Routing/Router.php(554): Illuminate\\Routing\\Router->newRoute('POST', 'api/sell/buy', Array)
#5 /var/www/html/vendor/laravel/framework/src/Illuminate/Routing/Router.php(533): Illuminate\\Routing\\Router->createRoute('POST', '/sell/buy', Array)
#6 /var/www/html/vendor/laravel/framework/src/Illuminate/Routing/Router.php(162): Illuminate\\Routing\\Router->addRoute('POST', '/sell/buy', 'SellCoinControl...')
#7 /var/www/html/vendor/laravel/framework/src/Illuminate/Support/Facades/Facade.php(353): Illuminate\\Routing\\Router->post('/sell/buy', 'SellCoinControl...')
#8 /var/www/html/routes/api.php(31): Illuminate\\Support\\Facades\\Facade::__callStatic('post', Array)
#9 /var/www/html/vendor/laravel/framework/src/Illuminate/Routing/RouteFileRegistrar.php(35): require('/var/www/html/r...')
#10 /var/www/html/vendor/laravel/framework/src/Illuminate/Routing/Router.php(503): Illuminate\\Routing\\RouteFileRegistrar->register('/var/www/html/r...')
#11 /var/www/html/vendor/laravel/framework/src/Illuminate/Routing/Router.php(457): Illuminate\\Routing\\Router->loadRoutes('/var/www/html/r...')
#12 /var/www/html/vendor/laravel/framework/src/Illuminate/Routing/RouteRegistrar.php(192): Illuminate\\Routing\\Router->group(Array, '/var/www/html/r...')
#13 /var/www/html/app/Infrastructure/Providers/RouteServiceProvider.php(44): Illuminate\\Routing\\RouteRegistrar->group('/var/www/html/r...')
#14 /var/www/html/vendor/laravel/framework/src/Illuminate/Container/BoundMethod.php(36): App\\Infrastructure\\Providers\\RouteServiceProvider->App\\Infrastructure\\Providers\\{closure}()
#15 /var/www/html/vendor/laravel/framework/src/Illuminate/Container/Util.php(41): Illuminate\\Container\\BoundMethod::Illuminate\\Container\\{closure}()
#16 /var/www/html/vendor/laravel/framework/src/Illuminate/Container/BoundMethod.php(81): Illuminate\\Container\\Util::unwrapIfClosure(Object(Closure))
#17 /var/www/html/vendor/laravel/framework/src/Illuminate/Container/BoundMethod.php(37): Illuminate\\Container\\BoundMethod::callBoundMethod(Object(Illuminate\\Foundation\\Application), Object(Closure), Object(Closure))
#18 /var/www/html/vendor/laravel/framework/src/Illuminate/Container/Container.php(662): Illuminate\\Container\\BoundMethod::call(Object(Illuminate\\Foundation\\Application), Object(Closure), Array, NULL)
#19 /var/www/html/vendor/laravel/framework/src/Illuminate/Foundation/Support/Providers/RouteServiceProvider.php(120): Illuminate\\Container\\Container->call(Object(Closure))
#20 /var/www/html/vendor/laravel/framework/src/Illuminate/Foundation/Support/Providers/RouteServiceProvider.php(45): Illuminate\\Foundation\\Support\\Providers\\RouteServiceProvider->loadRoutes()
#21 /var/www/html/vendor/laravel/framework/src/Illuminate/Container/BoundMethod.php(36): Illuminate\\Foundation\\Support\\Providers\\RouteServiceProvider->Illuminate\\Foundation\\Support\\Providers\\{closure}()
#22 /var/www/html/vendor/laravel/framework/src/Illuminate/Container/Util.php(41): Illuminate\\Container\\BoundMethod::Illuminate\\Container\\{closure}()
#23 /var/www/html/vendor/laravel/framework/src/Illuminate/Container/BoundMethod.php(81): Illuminate\\Container\\Util::unwrapIfClosure(Object(Closure))
#24 /var/www/html/vendor/laravel/framework/src/Illuminate/Container/BoundMethod.php(37): Illuminate\\Container\\BoundMethod::callBoundMethod(Object(Illuminate\\Foundation\\Application), Object(Closure), Object(Closure))
#25 /var/www/html/vendor/laravel/framework/src/Illuminate/Container/Container.php(662): Illuminate\\Container\\BoundMethod::call(Object(Illuminate\\Foundation\\Application), Object(Closure), Array, NULL)
#26 /var/www/html/vendor/laravel/framework/src/Illuminate/Support/ServiceProvider.php(119): Illuminate\\Container\\Container->call(Object(Closure))
#27 /var/www/html/vendor/laravel/framework/src/Illuminate/Foundation/Application.php(1009): Illuminate\\Support\\ServiceProvider->callBootedCallbacks()
#28 /var/www/html/vendor/laravel/framework/src/Illuminate/Foundation/Application.php(987): Illuminate\\Foundation\\Application->bootProvider(Object(App\\Infrastructure\\Providers\\RouteServiceProvider))
#29 [internal function]: Illuminate\\Foundation\\Application->Illuminate\\Foundation\\{closure}(Object(App\\Infrastructure\\Providers\\RouteServiceProvider), 21)
#30 /var/www/html/vendor/laravel/framework/src/Illuminate/Foundation/Application.php(988): array_walk(Array, Object(Closure))
#31 /var/www/html/vendor/laravel/framework/src/Illuminate/Foundation/Bootstrap/BootProviders.php(17): Illuminate\\Foundation\\Application->boot()
#32 /var/www/html/vendor/laravel/framework/src/Illuminate/Foundation/Application.php(261): Illuminate\\Foundation\\Bootstrap\\BootProviders->bootstrap(Object(Illuminate\\Foundation\\Application))
#33 /var/www/html/vendor/laravel/framework/src/Illuminate/Foundation/Http/Kernel.php(186): Illuminate\\Foundation\\Application->bootstrapWith(Array)
#34 /var/www/html/vendor/laravel/framework/src/Illuminate/Foundation/Http/Kernel.php(170): Illuminate\\Foundation\\Http\\Kernel->bootstrap()
#35 /var/www/html/vendor/laravel/framework/src/Illuminate/Foundation/Http/Kernel.php(144): Illuminate\\Foundation\\Http\\Kernel->sendRequestThroughRouter(Object(Illuminate\\Http\\Request))
#36 /var/www/html/public/index.php(52): Illuminate\\Foundation\\Http\\Kernel->handle(Object(Illuminate\\Http\\Request))
#37 {main}
"} 
[2023-05-19 09:13:44] production.ERROR: Invalid route action: [SellCoinController]. {"exception":"[object] (UnexpectedValueException(code: 0): Invalid route action: [SellCoinController]. at /var/www/html/vendor/laravel/framework/src/Illuminate/Routing/RouteAction.php:92)
[stacktrace]
#0 /var/www/html/vendor/laravel/framework/src/Illuminate/Routing/RouteAction.php(47): Illuminate\\Routing\\RouteAction::makeInvokable('SellCoinControl...')
#1 /var/www/html/vendor/laravel/framework/src/Illuminate/Routing/Route.php(191): Illuminate\\Routing\\RouteAction::parse('api/sell/buy', Array)
#2 /var/www/html/vendor/laravel/framework/src/Illuminate/Routing/Route.php(172): Illuminate\\Routing\\Route->parseAction(Array)
#3 /var/www/html/vendor/laravel/framework/src/Illuminate/Routing/Router.php(661): Illuminate\\Routing\\Route->__construct('POST', 'api/sell/buy', Array)
#4 /var/www/html/vendor/laravel/framework/src/Illuminate/Routing/Router.php(554): Illuminate\\Routing\\Router->newRoute('POST', 'api/sell/buy', Array)
#5 /var/www/html/vendor/laravel/framework/src/Illuminate/Routing/Router.php(533): Illuminate\\Routing\\Router->createRoute('POST', '/sell/buy', Array)
#6 /var/www/html/vendor/laravel/framework/src/Illuminate/Routing/Router.php(162): Illuminate\\Routing\\Router->addRoute('POST', '/sell/buy', 'SellCoinControl...')
#7 /var/www/html/vendor/laravel/framework/src/Illuminate/Support/Facades/Facade.php(353): Illuminate\\Routing\\Router->post('/sell/buy', 'SellCoinControl...')
#8 /var/www/html/routes/api.php(31): Illuminate\\Support\\Facades\\Facade::__callStatic('post', Array)
#9 /var/www/html/vendor/laravel/framework/src/Illuminate/Routing/RouteFileRegistrar.php(35): require('/var/www/html/r...')
#10 /var/www/html/vendor/laravel/framework/src/Illuminate/Routing/Router.php(503): Illuminate\\Routing\\RouteFileRegistrar->register('/var/www/html/r...')
#11 /var/www/html/vendor/laravel/framework/src/Illuminate/Routing/Router.php(457): Illuminate\\Routing\\Router->loadRoutes('/var/www/html/r...')
#12 /var/www/html/vendor/laravel/framework/src/Illuminate/Routing/RouteRegistrar.php(192): Illuminate\\Routing\\Router->group(Array, '/var/www/html/r...')
#13 /var/www/html/app/Infrastructure/Providers/RouteServiceProvider.php(44): Illuminate\\Routing\\RouteRegistrar->group('/var/www/html/r...')
#14 /var/www/html/vendor/laravel/framework/src/Illuminate/Container/BoundMethod.php(36): App\\Infrastructure\\Providers\\RouteServiceProvider->App\\Infrastructure\\Providers\\{closure}()
#15 /var/www/html/vendor/laravel/framework/src/Illuminate/Container/Util.php(41): Illuminate\\Container\\BoundMethod::Illuminate\\Container\\{closure}()
#16 /var/www/html/vendor/laravel/framework/src/Illuminate/Container/BoundMethod.php(81): Illuminate\\Container\\Util::unwrapIfClosure(Object(Closure))
#17 /var/www/html/vendor/laravel/framework/src/Illuminate/Container/BoundMethod.php(37): Illuminate\\Container\\BoundMethod::callBoundMethod(Object(Illuminate\\Foundation\\Application), Object(Closure), Object(Closure))
#18 /var/www/html/vendor/laravel/framework/src/Illuminate/Container/Container.php(662): Illuminate\\Container\\BoundMethod::call(Object(Illuminate\\Foundation\\Application), Object(Closure), Array, NULL)
#19 /var/www/html/vendor/laravel/framework/src/Illuminate/Foundation/Support/Providers/RouteServiceProvider.php(120): Illuminate\\Container\\Container->call(Object(Closure))
#20 /var/www/html/vendor/laravel/framework/src/Illuminate/Foundation/Support/Providers/RouteServiceProvider.php(45): Illuminate\\Foundation\\Support\\Providers\\RouteServiceProvider->loadRoutes()
#21 /var/www/html/vendor/laravel/framework/src/Illuminate/Container/BoundMethod.php(36): Illuminate\\Foundation\\Support\\Providers\\RouteServiceProvider->Illuminate\\Foundation\\Support\\Providers\\{closure}()
#22 /var/www/html/vendor/laravel/framework/src/Illuminate/Container/Util.php(41): Illuminate\\Container\\BoundMethod::Illuminate\\Container\\{closure}()
#23 /var/www/html/vendor/laravel/framework/src/Illuminate/Container/BoundMethod.php(81): Illuminate\\Container\\Util::unwrapIfClosure(Object(Closure))
#24 /var/www/html/vendor/laravel/framework/src/Illuminate/Container/BoundMethod.php(37): Illuminate\\Container\\BoundMethod::callBoundMethod(Object(Illuminate\\Foundation\\Application), Object(Closure), Object(Closure))
#25 /var/www/html/vendor/laravel/framework/src/Illuminate/Container/Container.php(662): Illuminate\\Container\\BoundMethod::call(Object(Illuminate\\Foundation\\Application), Object(Closure), Array, NULL)
#26 /var/www/html/vendor/laravel/framework/src/Illuminate/Support/ServiceProvider.php(119): Illuminate\\Container\\Container->call(Object(Closure))
#27 /var/www/html/vendor/laravel/framework/src/Illuminate/Foundation/Application.php(1009): Illuminate\\Support\\ServiceProvider->callBootedCallbacks()
#28 /var/www/html/vendor/laravel/framework/src/Illuminate/Foundation/Application.php(987): Illuminate\\Foundation\\Application->bootProvider(Object(App\\Infrastructure\\Providers\\RouteServiceProvider))
#29 [internal function]: Illuminate\\Foundation\\Application->Illuminate\\Foundation\\{closure}(Object(App\\Infrastructure\\Providers\\RouteServiceProvider), 21)
#30 /var/www/html/vendor/laravel/framework/src/Illuminate/Foundation/Application.php(988): array_walk(Array, Object(Closure))
#31 /var/www/html/vendor/laravel/framework/src/Illuminate/Foundation/Bootstrap/BootProviders.php(17): Illuminate\\Foundation\\Application->boot()
#32 /var/www/html/vendor/laravel/framework/src/Illuminate/Foundation/Application.php(261): Illuminate\\Foundation\\Bootstrap\\BootProviders->bootstrap(Object(Illuminate\\Foundation\\Application))
#33 /var/www/html/vendor/laravel/framework/src/Illuminate/Foundation/Http/Kernel.php(186): Illuminate\\Foundation\\Application->bootstrapWith(Array)
#34 /var/www/html/vendor/laravel/framework/src/Illuminate/Foundation/Http/Kernel.php(170): Illuminate\\Foundation\\Http\\Kernel->bootstrap()
#35 /var/www/html/vendor/laravel/framework/src/Illuminate/Foundation/Http/Kernel.php(144): Illuminate\\Foundation\\Http\\Kernel->sendRequestThroughRouter(Object(Illuminate\\Http\\Request))
#36 /var/www/html/public/index.php(52): Illuminate\\Foundation\\Http\\Kernel->handle(Object(Illuminate\\Http\\Request))
#37 {main}
"} 
[2023-05-19 09:41:36] production.ERROR: Invalid route action: [SellCoinController]. {"exception":"[object] (UnexpectedValueException(code: 0): Invalid route action: [SellCoinController]. at /var/www/html/vendor/laravel/framework/src/Illuminate/Routing/RouteAction.php:92)
[stacktrace]
#0 /var/www/html/vendor/laravel/framework/src/Illuminate/Routing/RouteAction.php(47): Illuminate\\Routing\\RouteAction::makeInvokable('SellCoinControl...')
#1 /var/www/html/vendor/laravel/framework/src/Illuminate/Routing/Route.php(191): Illuminate\\Routing\\RouteAction::parse('api/sell/buy', Array)
#2 /var/www/html/vendor/laravel/framework/src/Illuminate/Routing/Route.php(172): Illuminate\\Routing\\Route->parseAction(Array)
#3 /var/www/html/vendor/laravel/framework/src/Illuminate/Routing/Router.php(661): Illuminate\\Routing\\Route->__construct('POST', 'api/sell/buy', Array)
#4 /var/www/html/vendor/laravel/framework/src/Illuminate/Routing/Router.php(554): Illuminate\\Routing\\Router->newRoute('POST', 'api/sell/buy', Array)
#5 /var/www/html/vendor/laravel/framework/src/Illuminate/Routing/Router.php(533): Illuminate\\Routing\\Router->createRoute('POST', '/sell/buy', Array)
#6 /var/www/html/vendor/laravel/framework/src/Illuminate/Routing/Router.php(162): Illuminate\\Routing\\Router->addRoute('POST', '/sell/buy', 'SellCoinControl...')
#7 /var/www/html/vendor/laravel/framework/src/Illuminate/Support/Facades/Facade.php(353): Illuminate\\Routing\\Router->post('/sell/buy', 'SellCoinControl...')
#8 /var/www/html/routes/api.php(31): Illuminate\\Support\\Facades\\Facade::__callStatic('post', Array)
#9 /var/www/html/vendor/laravel/framework/src/Illuminate/Routing/RouteFileRegistrar.php(35): require('/var/www/html/r...')
#10 /var/www/html/vendor/laravel/framework/src/Illuminate/Routing/Router.php(503): Illuminate\\Routing\\RouteFileRegistrar->register('/var/www/html/r...')
#11 /var/www/html/vendor/laravel/framework/src/Illuminate/Routing/Router.php(457): Illuminate\\Routing\\Router->loadRoutes('/var/www/html/r...')
#12 /var/www/html/vendor/laravel/framework/src/Illuminate/Routing/RouteRegistrar.php(192): Illuminate\\Routing\\Router->group(Array, '/var/www/html/r...')
#13 /var/www/html/app/Infrastructure/Providers/RouteServiceProvider.php(44): Illuminate\\Routing\\RouteRegistrar->group('/var/www/html/r...')
#14 /var/www/html/vendor/laravel/framework/src/Illuminate/Container/BoundMethod.php(36): App\\Infrastructure\\Providers\\RouteServiceProvider->App\\Infrastructure\\Providers\\{closure}()
#15 /var/www/html/vendor/laravel/framework/src/Illuminate/Container/Util.php(41): Illuminate\\Container\\BoundMethod::Illuminate\\Container\\{closure}()
#16 /var/www/html/vendor/laravel/framework/src/Illuminate/Container/BoundMethod.php(81): Illuminate\\Container\\Util::unwrapIfClosure(Object(Closure))
#17 /var/www/html/vendor/laravel/framework/src/Illuminate/Container/BoundMethod.php(37): Illuminate\\Container\\BoundMethod::callBoundMethod(Object(Illuminate\\Foundation\\Application), Object(Closure), Object(Closure))
#18 /var/www/html/vendor/laravel/framework/src/Illuminate/Container/Container.php(662): Illuminate\\Container\\BoundMethod::call(Object(Illuminate\\Foundation\\Application), Object(Closure), Array, NULL)
#19 /var/www/html/vendor/laravel/framework/src/Illuminate/Foundation/Support/Providers/RouteServiceProvider.php(120): Illuminate\\Container\\Container->call(Object(Closure))
#20 /var/www/html/vendor/laravel/framework/src/Illuminate/Foundation/Support/Providers/RouteServiceProvider.php(45): Illuminate\\Foundation\\Support\\Providers\\RouteServiceProvider->loadRoutes()
#21 /var/www/html/vendor/laravel/framework/src/Illuminate/Container/BoundMethod.php(36): Illuminate\\Foundation\\Support\\Providers\\RouteServiceProvider->Illuminate\\Foundation\\Support\\Providers\\{closure}()
#22 /var/www/html/vendor/laravel/framework/src/Illuminate/Container/Util.php(41): Illuminate\\Container\\BoundMethod::Illuminate\\Container\\{closure}()
#23 /var/www/html/vendor/laravel/framework/src/Illuminate/Container/BoundMethod.php(81): Illuminate\\Container\\Util::unwrapIfClosure(Object(Closure))
#24 /var/www/html/vendor/laravel/framework/src/Illuminate/Container/BoundMethod.php(37): Illuminate\\Container\\BoundMethod::callBoundMethod(Object(Illuminate\\Foundation\\Application), Object(Closure), Object(Closure))
#25 /var/www/html/vendor/laravel/framework/src/Illuminate/Container/Container.php(662): Illuminate\\Container\\BoundMethod::call(Object(Illuminate\\Foundation\\Application), Object(Closure), Array, NULL)
#26 /var/www/html/vendor/laravel/framework/src/Illuminate/Support/ServiceProvider.php(119): Illuminate\\Container\\Container->call(Object(Closure))
#27 /var/www/html/vendor/laravel/framework/src/Illuminate/Foundation/Application.php(1009): Illuminate\\Support\\ServiceProvider->callBootedCallbacks()
#28 /var/www/html/vendor/laravel/framework/src/Illuminate/Foundation/Application.php(987): Illuminate\\Foundation\\Application->bootProvider(Object(App\\Infrastructure\\Providers\\RouteServiceProvider))
#29 [internal function]: Illuminate\\Foundation\\Application->Illuminate\\Foundation\\{closure}(Object(App\\Infrastructure\\Providers\\RouteServiceProvider), 21)
#30 /var/www/html/vendor/laravel/framework/src/Illuminate/Foundation/Application.php(988): array_walk(Array, Object(Closure))
#31 /var/www/html/vendor/laravel/framework/src/Illuminate/Foundation/Bootstrap/BootProviders.php(17): Illuminate\\Foundation\\Application->boot()
#32 /var/www/html/vendor/laravel/framework/src/Illuminate/Foundation/Application.php(261): Illuminate\\Foundation\\Bootstrap\\BootProviders->bootstrap(Object(Illuminate\\Foundation\\Application))
#33 /var/www/html/vendor/laravel/framework/src/Illuminate/Foundation/Http/Kernel.php(186): Illuminate\\Foundation\\Application->bootstrapWith(Array)
#34 /var/www/html/vendor/laravel/framework/src/Illuminate/Foundation/Http/Kernel.php(170): Illuminate\\Foundation\\Http\\Kernel->bootstrap()
#35 /var/www/html/vendor/laravel/framework/src/Illuminate/Foundation/Http/Kernel.php(144): Illuminate\\Foundation\\Http\\Kernel->sendRequestThroughRouter(Object(Illuminate\\Http\\Request))
#36 /var/www/html/public/index.php(52): Illuminate\\Foundation\\Http\\Kernel->handle(Object(Illuminate\\Http\\Request))
#37 {main}
"} 
[2023-05-19 09:42:18] production.ERROR: Invalid route action: [WalletBalanceController]. {"exception":"[object] (UnexpectedValueException(code: 0): Invalid route action: [WalletBalanceController]. at /var/www/html/vendor/laravel/framework/src/Illuminate/Routing/RouteAction.php:92)
[stacktrace]
#0 /var/www/html/vendor/laravel/framework/src/Illuminate/Routing/RouteAction.php(47): Illuminate\\Routing\\RouteAction::makeInvokable('WalletBalanceCo...')
#1 /var/www/html/vendor/laravel/framework/src/Illuminate/Routing/Route.php(191): Illuminate\\Routing\\RouteAction::parse('api/wallet/{wal...', Array)
#2 /var/www/html/vendor/laravel/framework/src/Illuminate/Routing/Route.php(172): Illuminate\\Routing\\Route->parseAction(Array)
#3 /var/www/html/vendor/laravel/framework/src/Illuminate/Routing/Router.php(661): Illuminate\\Routing\\Route->__construct(Array, 'api/wallet/{wal...', Array)
#4 /var/www/html/vendor/laravel/framework/src/Illuminate/Routing/Router.php(554): Illuminate\\Routing\\Router->newRoute(Array, 'api/wallet/{wal...', Array)
#5 /var/www/html/vendor/laravel/framework/src/Illuminate/Routing/Router.php(533): Illuminate\\Routing\\Router->createRoute(Array, '/wallet/{wallet...', Array)
#6 /var/www/html/vendor/laravel/framework/src/Illuminate/Routing/Router.php(150): Illuminate\\Routing\\Router->addRoute(Array, '/wallet/{wallet...', 'WalletBalanceCo...')
#7 /var/www/html/vendor/laravel/framework/src/Illuminate/Support/Facades/Facade.php(353): Illuminate\\Routing\\Router->get('/wallet/{wallet...', 'WalletBalanceCo...')
#8 /var/www/html/routes/api.php(35): Illuminate\\Support\\Facades\\Facade::__callStatic('get', Array)
#9 /var/www/html/vendor/laravel/framework/src/Illuminate/Routing/RouteFileRegistrar.php(35): require('/var/www/html/r...')
#10 /var/www/html/vendor/laravel/framework/src/Illuminate/Routing/Router.php(503): Illuminate\\Routing\\RouteFileRegistrar->register('/var/www/html/r...')
#11 /var/www/html/vendor/laravel/framework/src/Illuminate/Routing/Router.php(457): Illuminate\\Routing\\Router->loadRoutes('/var/www/html/r...')
#12 /var/www/html/vendor/laravel/framework/src/Illuminate/Routing/RouteRegistrar.php(192): Illuminate\\Routing\\Router->group(Array, '/var/www/html/r...')
#13 /var/www/html/app/Infrastructure/Providers/RouteServiceProvider.php(44): Illuminate\\Routing\\RouteRegistrar->group('/var/www/html/r...')
#14 /var/www/html/vendor/laravel/framework/src/Illuminate/Container/BoundMethod.php(36): App\\Infrastructure\\Providers\\RouteServiceProvider->App\\Infrastructure\\Providers\\{closure}()
#15 /var/www/html/vendor/laravel/framework/src/Illuminate/Container/Util.php(41): Illuminate\\Container\\BoundMethod::Illuminate\\Container\\{closure}()
#16 /var/www/html/vendor/laravel/framework/src/Illuminate/Container/BoundMethod.php(81): Illuminate\\Container\\Util::unwrapIfClosure(Object(Closure))
#17 /var/www/html/vendor/laravel/framework/src/Illuminate/Container/BoundMethod.php(37): Illuminate\\Container\\BoundMethod::callBoundMethod(Object(Illuminate\\Foundation\\Application), Object(Closure), Object(Closure))
#18 /var/www/html/vendor/laravel/framework/src/Illuminate/Container/Container.php(662): Illuminate\\Container\\BoundMethod::call(Object(Illuminate\\Foundation\\Application), Object(Closure), Array, NULL)
#19 /var/www/html/vendor/laravel/framework/src/Illuminate/Foundation/Support/Providers/RouteServiceProvider.php(120): Illuminate\\Container\\Container->call(Object(Closure))
#20 /var/www/html/vendor/laravel/framework/src/Illuminate/Foundation/Support/Providers/RouteServiceProvider.php(45): Illuminate\\Foundation\\Support\\Providers\\RouteServiceProvider->loadRoutes()
#21 /var/www/html/vendor/laravel/framework/src/Illuminate/Container/BoundMethod.php(36): Illuminate\\Foundation\\Support\\Providers\\RouteServiceProvider->Illuminate\\Foundation\\Support\\Providers\\{closure}()
#22 /var/www/html/vendor/laravel/framework/src/Illuminate/Container/Util.php(41): Illuminate\\Container\\BoundMethod::Illuminate\\Container\\{closure}()
#23 /var/www/html/vendor/laravel/framework/src/Illuminate/Container/BoundMethod.php(81): Illuminate\\Container\\Util::unwrapIfClosure(Object(Closure))
#24 /var/www/html/vendor/laravel/framework/src/Illuminate/Container/BoundMethod.php(37): Illuminate\\Container\\BoundMethod::callBoundMethod(Object(Illuminate\\Foundation\\Application), Object(Closure), Object(Closure))
#25 /var/www/html/vendor/laravel/framework/src/Illuminate/Container/Container.php(662): Illuminate\\Container\\BoundMethod::call(Object(Illuminate\\Foundation\\Application), Object(Closure), Array, NULL)
#26 /var/www/html/vendor/laravel/framework/src/Illuminate/Support/ServiceProvider.php(119): Illuminate\\Container\\Container->call(Object(Closure))
#27 /var/www/html/vendor/laravel/framework/src/Illuminate/Foundation/Application.php(1009): Illuminate\\Support\\ServiceProvider->callBootedCallbacks()
#28 /var/www/html/vendor/laravel/framework/src/Illuminate/Foundation/Application.php(987): Illuminate\\Foundation\\Application->bootProvider(Object(App\\Infrastructure\\Providers\\RouteServiceProvider))
#29 [internal function]: Illuminate\\Foundation\\Application->Illuminate\\Foundation\\{closure}(Object(App\\Infrastructure\\Providers\\RouteServiceProvider), 21)
#30 /var/www/html/vendor/laravel/framework/src/Illuminate/Foundation/Application.php(988): array_walk(Array, Object(Closure))
#31 /var/www/html/vendor/laravel/framework/src/Illuminate/Foundation/Bootstrap/BootProviders.php(17): Illuminate\\Foundation\\Application->boot()
#32 /var/www/html/vendor/laravel/framework/src/Illuminate/Foundation/Application.php(261): Illuminate\\Foundation\\Bootstrap\\BootProviders->bootstrap(Object(Illuminate\\Foundation\\Application))
#33 /var/www/html/vendor/laravel/framework/src/Illuminate/Foundation/Http/Kernel.php(186): Illuminate\\Foundation\\Application->bootstrapWith(Array)
#34 /var/www/html/vendor/laravel/framework/src/Illuminate/Foundation/Http/Kernel.php(170): Illuminate\\Foundation\\Http\\Kernel->bootstrap()
#35 /var/www/html/vendor/laravel/framework/src/Illuminate/Foundation/Http/Kernel.php(144): Illuminate\\Foundation\\Http\\Kernel->sendRequestThroughRouter(Object(Illuminate\\Http\\Request))
#36 /var/www/html/public/index.php(52): Illuminate\\Foundation\\Http\\Kernel->handle(Object(Illuminate\\Http\\Request))
#37 {main}
"} 
